<?xml version="1.0" encoding="UTF-8"?>
<!-- Generated by org.testng.reporters.JUnitReportReporter -->
<testsuite hostname="LAPTOP-B6R378P8" failures="0" tests="2" name="MyAcademy.HomePage" time="58.121" errors="0" timestamp="2020-04-05T23:50:48 IST" skipped="0">
  <testcase classname="MyAcademy.HomePage" name="basePageNavigation" time="21.752"/>
  <system-out/>
  <testcase classname="MyAcademy.HomePage" name="basePageNavigation" time="36.369"/>
  <system-out/>
</testsuite> <!-- MyAcademy.HomePage -->
