<?xml version="1.0" encoding="UTF-8"?>
<!-- Generated by org.testng.reporters.JUnitReportReporter -->
<testsuite hostname="LAPTOP-B6R378P8" failures="0" tests="1" name="MyAcademy.ValidateTitle" time="0.378" errors="0" timestamp="2020-04-05T23:50:48 IST" skipped="0">
  <testcase classname="MyAcademy.ValidateTitle" name="basePageNavigation" time="0.378"/>
  <system-out/>
</testsuite> <!-- MyAcademy.ValidateTitle -->
