<?xml version="1.0" encoding="UTF-8"?>
<!-- Generated by org.testng.reporters.JUnitReportReporter -->
<testsuite hostname="LAPTOP-B6R378P8" failures="0" tests="1" name="MyAcademy.ValidateNavigationBar" time="0.719" errors="0" timestamp="2020-04-05T23:50:48 IST" skipped="0">
  <testcase classname="MyAcademy.ValidateNavigationBar" name="basePageNavigation" time="0.719"/>
  <system-out/>
</testsuite> <!-- MyAcademy.ValidateNavigationBar -->
