<?xml version="1.0" encoding="UTF-8"?>
<!-- Generated by org.testng.reporters.JUnitReportReporter -->
<testsuite skipped="0" hostname="LAPTOP-B6R378P8" name="MyAcademy.HomePage" tests="2" failures="0" timestamp="2020-04-08T23:53:14 IST" time="57.054" errors="0">
  <testcase name="basePageNavigation" time="45.134" classname="MyAcademy.HomePage"/>
  <system-out/>
  <testcase name="basePageNavigation" time="11.920" classname="MyAcademy.HomePage"/>
  <system-out/>
</testsuite> <!-- MyAcademy.HomePage -->
