<?xml version="1.0" encoding="UTF-8"?>
<!-- Generated by org.testng.reporters.JUnitReportReporter -->
<testsuite skipped="0" hostname="LAPTOP-B6R378P8" name="MyAcademy.ValidateTitle" tests="1" failures="0" timestamp="2020-04-08T23:53:13 IST" time="0.209" errors="0">
  <testcase name="basePageNavigation" time="0.209" classname="MyAcademy.ValidateTitle"/>
  <system-out/>
</testsuite> <!-- MyAcademy.ValidateTitle -->
